Sum of all autotest marks = 30.25/70.0
(Commit being used in the automark: 766437c)


100. Enemy Goal

Test 100-1: Test achieving a basic enemy goal kill spider
SUCCESS DONE

Test 100-2: Test achieving a basic enemy goal kill zombie toast
SUCCESS DONE

Test 100-3: Test achieving a basic enemy goal kill mercenary
SUCCESS DONE

Test: Hidden Test
FAILED - Test output redacted

Test 100-5: Testing a map with 4 conjunction goal
SUCCESS DONE

Test 100-6: Testing a map with 4 disjunction goal
SUCCESS DONE

Test: Hidden Test
SUCCESS DONE

Test 100-8: Testing achieving a basic enemy goal by destroying a spawner
EnemyGoalTest > Testing achieving a basic enemy goal by destroying a spawner FAILED org.opentest4j.AssertionFailedError: expected: <0> but was: <1> at app//org.junit.jupiter.api.AssertionUtils.fail(AssertionUtils.java:55) at app//org.junit.jupiter.api.AssertionUtils.failNotEqual(AssertionUtils.java:62) at app//org.junit.jupiter.api.AssertEquals.assertEquals(AssertEquals.java:150) at app//org.junit.jupiter.api.AssertEquals.assertEquals(AssertEquals.java:145) at app//org.junit.jupiter.api.Assertions.assertEquals(Assertions.java:527) at app//dungeonmania.automarking.EnemyGoalTest.destroySpawner(EnemyGoalTest.java:216) FAILURE DONE 1 test completed, 1 failed FAILURE: Build failed with an exception. blog.md build build.gradle checkstyle.xml client config_template.json extract_coverage.sh gradle gradlew gradlew.bat README.md src What went wrong: Execution failed for task ':test'. > There were failing tests. See the report at: file:///home/carl/tutoring/23T2/automarking/assignment-ii-automarking/groups/H09B_COLDPLAY/build/reports/tests/test/index.html blog.md build build.gradle checkstyle.xml client config_template.json extract_coverage.sh gradle gradlew gradlew.bat README.md src Try: Run with --stacktrace option to get the stack trace. Run with --info or --debug option to get more log output. Run with --scan to get full insights. blog.md build build.gradle checkstyle.xml client config_template.json extract_coverage.sh gradle gradlew gradlew.bat README.md src Get more help at https://help.gradle.org BUILD FAILED in 2s

Test: Hidden Test
FAILED - Test output redacted

Test: Hidden Test
SUCCESS DONE

Your score for this section is: 11.0

102. Bosses (Assassin)

Test 102-1: Testing an assassin in line with Player moves towards them
SUCCESS DONE

Test 102-2: Test assassins can not move through walls and closed doors
SUCCESS DONE

Test 102-3: Testing bribing an assassin with 0 fail rate
SUCCESS DONE

Test 102-4: Testing bribed assassin should act as an ally
SUCCESS DONE

Test 102-5: Testing bribing an assassin with 100% fail rate and no refund
BossTest > Testing bribing an assassin with 100% fail rate, and no refund FAILED org.opentest4j.AssertionFailedError: expected: <false> but was: <true> at app//org.junit.jupiter.api.AssertionUtils.fail(AssertionUtils.java:55) at app//org.junit.jupiter.api.AssertFalse.assertFalse(AssertFalse.java:40) at app//org.junit.jupiter.api.AssertFalse.assertFalse(AssertFalse.java:35) at app//org.junit.jupiter.api.Assertions.assertFalse(Assertions.java:227) at app//dungeonmania.automarking.BossTest.testAssassinBribeFail(BossTest.java:164) FAILURE DONE 1 test completed, 1 failed FAILURE: Build failed with an exception. blog.md build build.gradle checkstyle.xml client config_template.json extract_coverage.sh gradle gradlew gradlew.bat README.md src What went wrong: Execution failed for task ':test'. > There were failing tests. See the report at: file:///home/carl/tutoring/23T2/automarking/assignment-ii-automarking/groups/H09B_COLDPLAY/build/reports/tests/test/index.html blog.md build build.gradle checkstyle.xml client config_template.json extract_coverage.sh gradle gradlew gradlew.bat README.md src Try: Run with --stacktrace option to get the stack trace. Run with --info or --debug option to get more log output. Run with --scan to get full insights. blog.md build build.gradle checkstyle.xml client config_template.json extract_coverage.sh gradle gradlew gradlew.bat README.md src Get more help at https://help.gradle.org BUILD FAILED in 2s

Test: Hidden Test
SUCCESS DONE

Test: Hidden Test
SUCCESS DONE

Your score for this section is: 4.0

103. Bosses (Hydra)

Test 103-1: Testing basic movement for hydra
SUCCESS DONE

Test 103-2: Testing hydras cannot move through closed doors and walls
SUCCESS DONE

Test 103-3: Test player wins a battle against hydra when hydra does not increase health when taking damage
BossTest > Test player wins a battle against hydra when hydra does not increase health when taking damage FAILED org.opentest4j.AssertionFailedError: expected: <true> but was: <false> at app//org.junit.jupiter.api.AssertionUtils.fail(AssertionUtils.java:55) at app//org.junit.jupiter.api.AssertTrue.assertTrue(AssertTrue.java:40) at app//org.junit.jupiter.api.AssertTrue.assertTrue(AssertTrue.java:35) at app//org.junit.jupiter.api.Assertions.assertTrue(Assertions.java:179) at app//dungeonmania.automarking.BossTest.testPlayerWinsHydraBattle(BossTest.java:303) FAILURE DONE 1 test completed, 1 failed FAILURE: Build failed with an exception. blog.md build build.gradle checkstyle.xml client config_template.json extract_coverage.sh gradle gradlew gradlew.bat README.md src What went wrong: Execution failed for task ':test'. > There were failing tests. See the report at: file:///home/carl/tutoring/23T2/automarking/assignment-ii-automarking/groups/H09B_COLDPLAY/build/reports/tests/test/index.html blog.md build build.gradle checkstyle.xml client config_template.json extract_coverage.sh gradle gradlew gradlew.bat README.md src Try: Run with --stacktrace option to get the stack trace. Run with --info or --debug option to get more log output. Run with --scan to get full insights. blog.md build build.gradle checkstyle.xml client config_template.json extract_coverage.sh gradle gradlew gradlew.bat README.md src Get more help at https://help.gradle.org BUILD FAILED in 2s

Test: Hidden Test
SUCCESS DONE

Test 103-5: Test health calculation when the hydra increases its health
BossTest > Test health calculation when the hydra increases its health FAILED org.opentest4j.AssertionFailedError: expected: <-1.0> but was: <-20.0> at app//org.junit.jupiter.api.AssertionUtils.fail(AssertionUtils.java:55) at app//org.junit.jupiter.api.AssertionUtils.failNotEqual(AssertionUtils.java:62) at app//org.junit.jupiter.api.AssertEquals.assertEquals(AssertEquals.java:86) at app//org.junit.jupiter.api.AssertEquals.assertEquals(AssertEquals.java:81) at app//org.junit.jupiter.api.Assertions.assertEquals(Assertions.java:1010) at app//dungeonmania.automarking.BossTest.testHydraIncreasesHealthCalculation(BossTest.java:373) FAILURE DONE 1 test completed, 1 failed FAILURE: Build failed with an exception. blog.md build build.gradle checkstyle.xml client config_template.json extract_coverage.sh gradle gradlew gradlew.bat README.md src What went wrong: Execution failed for task ':test'. > There were failing tests. See the report at: file:///home/carl/tutoring/23T2/automarking/assignment-ii-automarking/groups/H09B_COLDPLAY/build/reports/tests/test/index.html blog.md build build.gradle checkstyle.xml client config_template.json extract_coverage.sh gradle gradlew gradlew.bat README.md src Try: Run with --stacktrace option to get the stack trace. Run with --info or --debug option to get more log output. Run with --scan to get full insights. blog.md build build.gradle checkstyle.xml client config_template.json extract_coverage.sh gradle gradlew gradlew.bat README.md src Get more help at https://help.gradle.org BUILD FAILED in 1s

Test: Hidden Test
FAILED - Test output redacted

Your score for this section is: 1.75

104. Sunstone + Buildables

Test 104-1: Testing picking up a sun stone from the map adds to inventory
SunStoneTest > Testing picking up a sun stone from the map adds to inventory FAILED java.lang.NullPointerException at dungeonmania.GameBuilder.lambda$buildMap$0(GameBuilder.java:82) at java.base/java.lang.Iterable.forEach(Iterable.java:75) at dungeonmania.GameBuilder.buildMap(GameBuilder.java:79) at dungeonmania.GameBuilder.buildGame(GameBuilder.java:49) at dungeonmania.DungeonManiaController.newGame(DungeonManiaController.java:55) at dungeonmania.automarking.SunStoneTest.testSunStonePickUpRemoveFromMapAddToInventory(SunStoneTest.java:20) FAILURE DONE 1 test completed, 1 failed FAILURE: Build failed with an exception. blog.md build build.gradle checkstyle.xml client config_template.json extract_coverage.sh gradle gradlew gradlew.bat README.md src What went wrong: Execution failed for task ':test'. > There were failing tests. See the report at: file:///home/carl/tutoring/23T2/automarking/assignment-ii-automarking/groups/H09B_COLDPLAY/build/reports/tests/test/index.html blog.md build build.gradle checkstyle.xml client config_template.json extract_coverage.sh gradle gradlew gradlew.bat README.md src Try: Run with --stacktrace option to get the stack trace. Run with --info or --debug option to get more log output. Run with --scan to get full insights. blog.md build build.gradle checkstyle.xml client config_template.json extract_coverage.sh gradle gradlew gradlew.bat README.md src Get more help at https://help.gradle.org BUILD FAILED in 1s

Test 104-2: Testing using a sun stone to open two doors and the sun stone is retained
SunStoneTest > Testing using a sun stone to open two doors and the sun stone is retained FAILED java.lang.NullPointerException at dungeonmania.GameBuilder.lambda$buildMap$0(GameBuilder.java:82) at java.base/java.lang.Iterable.forEach(Iterable.java:75) at dungeonmania.GameBuilder.buildMap(GameBuilder.java:79) at dungeonmania.GameBuilder.buildGame(GameBuilder.java:49) at dungeonmania.DungeonManiaController.newGame(DungeonManiaController.java:55) at dungeonmania.automarking.SunStoneTest.testSunStoneUseToOpenDoor(SunStoneTest.java:38) FAILURE DONE 1 test completed, 1 failed FAILURE: Build failed with an exception. blog.md build build.gradle checkstyle.xml client config_template.json extract_coverage.sh gradle gradlew gradlew.bat README.md src What went wrong: Execution failed for task ':test'. > There were failing tests. See the report at: file:///home/carl/tutoring/23T2/automarking/assignment-ii-automarking/groups/H09B_COLDPLAY/build/reports/tests/test/index.html blog.md build build.gradle checkstyle.xml client config_template.json extract_coverage.sh gradle gradlew gradlew.bat README.md src Try: Run with --stacktrace option to get the stack trace. Run with --info or --debug option to get more log output. Run with --scan to get full insights. blog.md build build.gradle checkstyle.xml client config_template.json extract_coverage.sh gradle gradlew gradlew.bat README.md src Get more help at https://help.gradle.org BUILD FAILED in 1s

Test: Hidden Test
FAILED - Test output redacted

Test: Hidden Test
FAILED - Test output redacted

Test 104-5: Test sunstone counts towards the treasure goal
SunStoneTest > Test sunstone counts towards the treasure goal FAILED java.lang.NullPointerException at dungeonmania.GameBuilder.lambda$buildMap$0(GameBuilder.java:82) at java.base/java.lang.Iterable.forEach(Iterable.java:75) at dungeonmania.GameBuilder.buildMap(GameBuilder.java:79) at dungeonmania.GameBuilder.buildGame(GameBuilder.java:49) at dungeonmania.DungeonManiaController.newGame(DungeonManiaController.java:55) at dungeonmania.automarking.SunStoneTest.testSunStoneCountsTreasureGoal(SunStoneTest.java:134) FAILURE DONE 1 test completed, 1 failed FAILURE: Build failed with an exception. blog.md build build.gradle checkstyle.xml client config_template.json extract_coverage.sh gradle gradlew gradlew.bat README.md src What went wrong: Execution failed for task ':test'. > There were failing tests. See the report at: file:///home/carl/tutoring/23T2/automarking/assignment-ii-automarking/groups/H09B_COLDPLAY/build/reports/tests/test/index.html blog.md build build.gradle checkstyle.xml client config_template.json extract_coverage.sh gradle gradlew gradlew.bat README.md src Try: Run with --stacktrace option to get the stack trace. Run with --info or --debug option to get more log output. Run with --scan to get full insights. blog.md build build.gradle checkstyle.xml client config_template.json extract_coverage.sh gradle gradlew gradlew.bat README.md src Get more help at https://help.gradle.org BUILD FAILED in 2s

Test: Hidden Test
FAILED - Test output redacted

Test 104-7: (arrows x2) + (key x1) + (sun stone x1) => (sceptre x1)
BuildablesM3Test > (arrows x2) + (key x1) + (sun stone x1) => (sceptre x1) FAILED java.lang.NullPointerException at dungeonmania.GameBuilder.lambda$buildMap$0(GameBuilder.java:82) at java.base/java.lang.Iterable.forEach(Iterable.java:75) at dungeonmania.GameBuilder.buildMap(GameBuilder.java:79) at dungeonmania.GameBuilder.buildGame(GameBuilder.java:49) at dungeonmania.DungeonManiaController.newGame(DungeonManiaController.java:55) at dungeonmania.automarking.BuildablesM3Test.testBuildSceptre1(BuildablesM3Test.java:23) FAILURE DONE 1 test completed, 1 failed FAILURE: Build failed with an exception. blog.md build build.gradle checkstyle.xml client config_template.json extract_coverage.sh gradle gradlew gradlew.bat README.md src What went wrong: Execution failed for task ':test'. > There were failing tests. See the report at: file:///home/carl/tutoring/23T2/automarking/assignment-ii-automarking/groups/H09B_COLDPLAY/build/reports/tests/test/index.html blog.md build build.gradle checkstyle.xml client config_template.json extract_coverage.sh gradle gradlew gradlew.bat README.md src Try: Run with --stacktrace option to get the stack trace. Run with --info or --debug option to get more log output. Run with --scan to get full insights. blog.md build build.gradle checkstyle.xml client config_template.json extract_coverage.sh gradle gradlew gradlew.bat README.md src Get more help at https://help.gradle.org BUILD FAILED in 4s

Test: Hidden Test
SUCCESS DONE

Test: Hidden Test
FAILED - Test output redacted

Test 104-10: (sword x1) + (sun stone x1) + (zombie x1) => (midnight armour x0) + InvalidActionException
BuildablesM3Test > (sword x1) + (sun stone x1) + (zombie x1) => (midnight armour x0) + InvalidActionException FAILED java.lang.NullPointerException at dungeonmania.GameBuilder.lambda$buildMap$0(GameBuilder.java:82) at java.base/java.lang.Iterable.forEach(Iterable.java:75) at dungeonmania.GameBuilder.buildMap(GameBuilder.java:79) at dungeonmania.GameBuilder.buildGame(GameBuilder.java:49) at dungeonmania.DungeonManiaController.newGame(DungeonManiaController.java:55) at dungeonmania.automarking.BuildablesM3Test.testBuildMidnightArmourWithZombies(BuildablesM3Test.java:153) FAILURE DONE 1 test completed, 1 failed FAILURE: Build failed with an exception. blog.md build build.gradle checkstyle.xml client config_template.json extract_coverage.sh gradle gradlew gradlew.bat README.md src What went wrong: Execution failed for task ':test'. > There were failing tests. See the report at: file:///home/carl/tutoring/23T2/automarking/assignment-ii-automarking/groups/H09B_COLDPLAY/build/reports/tests/test/index.html blog.md build build.gradle checkstyle.xml client config_template.json extract_coverage.sh gradle gradlew gradlew.bat README.md src Try: Run with --stacktrace option to get the stack trace. Run with --info or --debug option to get more log output. Run with --scan to get full insights. blog.md build build.gradle checkstyle.xml client config_template.json extract_coverage.sh gradle gradlew gradlew.bat README.md src Get more help at https://help.gradle.org BUILD FAILED in 2s

Test: Hidden Test
FAILED - Test output redacted

Test 104-12: Using sceptre to mind control a mercenary
BuildablesM3Test > Using sceptre to mind control a mercenary FAILED java.lang.NullPointerException at dungeonmania.GameBuilder.lambda$buildMap$0(GameBuilder.java:82) at java.base/java.lang.Iterable.forEach(Iterable.java:75) at dungeonmania.GameBuilder.buildMap(GameBuilder.java:79) at dungeonmania.GameBuilder.buildGame(GameBuilder.java:49) at dungeonmania.DungeonManiaController.newGame(DungeonManiaController.java:55) at dungeonmania.automarking.BuildablesM3Test.testSceptreMindControlMercenary(BuildablesM3Test.java:233) FAILURE DONE 1 test completed, 1 failed FAILURE: Build failed with an exception. blog.md build build.gradle checkstyle.xml client config_template.json extract_coverage.sh gradle gradlew gradlew.bat README.md src What went wrong: Execution failed for task ':test'. > There were failing tests. See the report at: file:///home/carl/tutoring/23T2/automarking/assignment-ii-automarking/groups/H09B_COLDPLAY/build/reports/tests/test/index.html blog.md build build.gradle checkstyle.xml client config_template.json extract_coverage.sh gradle gradlew gradlew.bat README.md src Try: Run with --stacktrace option to get the stack trace. Run with --info or --debug option to get more log output. Run with --scan to get full insights. blog.md build build.gradle checkstyle.xml client config_template.json extract_coverage.sh gradle gradlew gradlew.bat README.md src Get more help at https://help.gradle.org BUILD FAILED in 2s

Test 104-13: Test for mind control duration
BuildablesM3Test > Test for mind control duration FAILED java.lang.NullPointerException at dungeonmania.GameBuilder.lambda$buildMap$0(GameBuilder.java:82) at java.base/java.lang.Iterable.forEach(Iterable.java:75) at dungeonmania.GameBuilder.buildMap(GameBuilder.java:79) at dungeonmania.GameBuilder.buildGame(GameBuilder.java:49) at dungeonmania.DungeonManiaController.newGame(DungeonManiaController.java:55) at dungeonmania.automarking.BuildablesM3Test.testSceptreMindControlDuration(BuildablesM3Test.java:290) FAILURE DONE 1 test completed, 1 failed FAILURE: Build failed with an exception. blog.md build build.gradle checkstyle.xml client config_template.json extract_coverage.sh gradle gradlew gradlew.bat README.md src What went wrong: Execution failed for task ':test'. > There were failing tests. See the report at: file:///home/carl/tutoring/23T2/automarking/assignment-ii-automarking/groups/H09B_COLDPLAY/build/reports/tests/test/index.html blog.md build build.gradle checkstyle.xml client config_template.json extract_coverage.sh gradle gradlew gradlew.bat README.md src Try: Run with --stacktrace option to get the stack trace. Run with --info or --debug option to get more log output. Run with --scan to get full insights. blog.md build build.gradle checkstyle.xml client config_template.json extract_coverage.sh gradle gradlew gradlew.bat README.md src Get more help at https://help.gradle.org BUILD FAILED in 2s

Test 104-14: Use midnight armour to attack - player battles for less rounds to win
BuildablesM3Test > Use midnight armour to attack - player battles for less rounds to win FAILED java.lang.NullPointerException at dungeonmania.GameBuilder.lambda$buildMap$0(GameBuilder.java:82) at java.base/java.lang.Iterable.forEach(Iterable.java:75) at dungeonmania.GameBuilder.buildMap(GameBuilder.java:79) at dungeonmania.GameBuilder.buildGame(GameBuilder.java:49) at dungeonmania.DungeonManiaController.newGame(DungeonManiaController.java:55) at dungeonmania.automarking.BuildablesM3Test.testMidnightArmourAttack(BuildablesM3Test.java:345) FAILURE DONE 1 test completed, 1 failed FAILURE: Build failed with an exception. blog.md build build.gradle checkstyle.xml client config_template.json extract_coverage.sh gradle gradlew gradlew.bat README.md src What went wrong: Execution failed for task ':test'. > There were failing tests. See the report at: file:///home/carl/tutoring/23T2/automarking/assignment-ii-automarking/groups/H09B_COLDPLAY/build/reports/tests/test/index.html blog.md build build.gradle checkstyle.xml client config_template.json extract_coverage.sh gradle gradlew gradlew.bat README.md src Try: Run with --stacktrace option to get the stack trace. Run with --info or --debug option to get more log output. Run with --scan to get full insights. blog.md build build.gradle checkstyle.xml client config_template.json extract_coverage.sh gradle gradlew gradlew.bat README.md src Get more help at https://help.gradle.org BUILD FAILED in 3s

Test: Hidden Test
FAILED - Test output redacted

Your score for this section is: 1.0

105. Swamp Tile

Test 105-1: Testing mercenary gets stuck in swamp
SwampTileTest > Testing mercenary gets stuck in swamp FAILED java.lang.NullPointerException at dungeonmania.GameBuilder.lambda$buildMap$0(GameBuilder.java:82) at java.base/java.lang.Iterable.forEach(Iterable.java:75) at dungeonmania.GameBuilder.buildMap(GameBuilder.java:79) at dungeonmania.GameBuilder.buildGame(GameBuilder.java:49) at dungeonmania.DungeonManiaController.newGame(DungeonManiaController.java:55) at dungeonmania.automarking.SwampTileTest.slowMercenary(SwampTileTest.java:27) FAILURE DONE 1 test completed, 1 failed FAILURE: Build failed with an exception. blog.md build build.gradle checkstyle.xml client config_template.json extract_coverage.sh gradle gradlew gradlew.bat README.md src What went wrong: Execution failed for task ':test'. > There were failing tests. See the report at: file:///home/carl/tutoring/23T2/automarking/assignment-ii-automarking/groups/H09B_COLDPLAY/build/reports/tests/test/index.html blog.md build build.gradle checkstyle.xml client config_template.json extract_coverage.sh gradle gradlew gradlew.bat README.md src Try: Run with --stacktrace option to get the stack trace. Run with --info or --debug option to get more log output. Run with --scan to get full insights. blog.md build build.gradle checkstyle.xml client config_template.json extract_coverage.sh gradle gradlew gradlew.bat README.md src Get more help at https://help.gradle.org BUILD FAILED in 2s

Test 105-2: Testing if mercenaries take into account movement factor when pathfinding
SwampTileTest > Testing if mercenaries take into account movement factor when pathfinding FAILED java.lang.NullPointerException at dungeonmania.GameBuilder.lambda$buildMap$0(GameBuilder.java:82) at java.base/java.lang.Iterable.forEach(Iterable.java:75) at dungeonmania.GameBuilder.buildMap(GameBuilder.java:79) at dungeonmania.GameBuilder.buildGame(GameBuilder.java:49) at dungeonmania.DungeonManiaController.newGame(DungeonManiaController.java:55) at dungeonmania.automarking.SwampTileTest.mercPathfindWithSwampTile(SwampTileTest.java:51) FAILURE DONE 1 test completed, 1 failed FAILURE: Build failed with an exception. blog.md build build.gradle checkstyle.xml client config_template.json extract_coverage.sh gradle gradlew gradlew.bat README.md src What went wrong: Execution failed for task ':test'. > There were failing tests. See the report at: file:///home/carl/tutoring/23T2/automarking/assignment-ii-automarking/groups/H09B_COLDPLAY/build/reports/tests/test/index.html blog.md build build.gradle checkstyle.xml client config_template.json extract_coverage.sh gradle gradlew gradlew.bat README.md src Try: Run with --stacktrace option to get the stack trace. Run with --info or --debug option to get more log output. Run with --scan to get full insights. blog.md build build.gradle checkstyle.xml client config_template.json extract_coverage.sh gradle gradlew gradlew.bat README.md src Get more help at https://help.gradle.org BUILD FAILED in 2s

Test 105-3: Testing player does not get slowed by swamp tile
SwampTileTest > Testing player does not get slowed by swamp tile FAILED java.lang.NullPointerException at dungeonmania.GameBuilder.lambda$buildMap$0(GameBuilder.java:82) at java.base/java.lang.Iterable.forEach(Iterable.java:75) at dungeonmania.GameBuilder.buildMap(GameBuilder.java:79) at dungeonmania.GameBuilder.buildGame(GameBuilder.java:49) at dungeonmania.DungeonManiaController.newGame(DungeonManiaController.java:55) at dungeonmania.automarking.SwampTileTest.testPlayerNotSlowedBySwamp(SwampTileTest.java:78) FAILURE DONE 1 test completed, 1 failed FAILURE: Build failed with an exception. blog.md build build.gradle checkstyle.xml client config_template.json extract_coverage.sh gradle gradlew gradlew.bat README.md src What went wrong: Execution failed for task ':test'. > There were failing tests. See the report at: file:///home/carl/tutoring/23T2/automarking/assignment-ii-automarking/groups/H09B_COLDPLAY/build/reports/tests/test/index.html blog.md build build.gradle checkstyle.xml client config_template.json extract_coverage.sh gradle gradlew gradlew.bat README.md src Try: Run with --stacktrace option to get the stack trace. Run with --info or --debug option to get more log output. Run with --scan to get full insights. blog.md build build.gradle checkstyle.xml client config_template.json extract_coverage.sh gradle gradlew gradlew.bat README.md src Get more help at https://help.gradle.org BUILD FAILED in 2s

Test: Hidden Test
FAILED - Test output redacted

Test 105-5: Testing multiple swamp tiles all slow
SwampTileTest > Testing multiple swamp tiles all slow FAILED java.lang.NullPointerException at dungeonmania.GameBuilder.lambda$buildMap$0(GameBuilder.java:82) at java.base/java.lang.Iterable.forEach(Iterable.java:75) at dungeonmania.GameBuilder.buildMap(GameBuilder.java:79) at dungeonmania.GameBuilder.buildGame(GameBuilder.java:49) at dungeonmania.DungeonManiaController.newGame(DungeonManiaController.java:55) at dungeonmania.automarking.SwampTileTest.testMultiSwamp(SwampTileTest.java:117) FAILURE DONE 1 test completed, 1 failed FAILURE: Build failed with an exception. blog.md build build.gradle checkstyle.xml client config_template.json extract_coverage.sh gradle gradlew gradlew.bat README.md src What went wrong: Execution failed for task ':test'. > There were failing tests. See the report at: file:///home/carl/tutoring/23T2/automarking/assignment-ii-automarking/groups/H09B_COLDPLAY/build/reports/tests/test/index.html blog.md build build.gradle checkstyle.xml client config_template.json extract_coverage.sh gradle gradlew gradlew.bat README.md src Try: Run with --stacktrace option to get the stack trace. Run with --info or --debug option to get more log output. Run with --scan to get full insights. blog.md build build.gradle checkstyle.xml client config_template.json extract_coverage.sh gradle gradlew gradlew.bat README.md src Get more help at https://help.gradle.org BUILD FAILED in 2s

Test: Hidden Test
FAILED - Test output redacted

Test: Hidden Test
FAILED - Test output redacted

Your score for this section is: 0

108. Logic Switches

Test 108-1: Test walking onto a wire
LogicGatesTest > Test walking onto a wire FAILED org.opentest4j.AssertionFailedError: expected: <Position [x=1, y=0, z=0]> but was: <Position [x=0, y=0, z=0]> at app//org.junit.jupiter.api.AssertionUtils.fail(AssertionUtils.java:55) at app//org.junit.jupiter.api.AssertionUtils.failNotEqual(AssertionUtils.java:62) at app//org.junit.jupiter.api.AssertEquals.assertEquals(AssertEquals.java:182) at app//org.junit.jupiter.api.AssertEquals.assertEquals(AssertEquals.java:177) at app//org.junit.jupiter.api.Assertions.assertEquals(Assertions.java:1141) at app//dungeonmania.automarking.LogicGatesTest.WalkOntoWire(LogicGatesTest.java:38) FAILURE DONE 1 test completed, 1 failed FAILURE: Build failed with an exception. blog.md build build.gradle checkstyle.xml client config_template.json extract_coverage.sh gradle gradlew gradlew.bat README.md src What went wrong: Execution failed for task ':test'. > There were failing tests. See the report at: file:///home/carl/tutoring/23T2/automarking/assignment-ii-automarking/groups/H09B_COLDPLAY/build/reports/tests/test/index.html blog.md build build.gradle checkstyle.xml client config_template.json extract_coverage.sh gradle gradlew gradlew.bat README.md src Try: Run with --stacktrace option to get the stack trace. Run with --info or --debug option to get more log output. Run with --scan to get full insights. blog.md build build.gradle checkstyle.xml client config_template.json extract_coverage.sh gradle gradlew gradlew.bat README.md src Get more help at https://help.gradle.org BUILD FAILED in 2s

Test 108-2: Test turning on a light bulb
SUCCESS DONE

Test 108-3: Test activating a wire and exploding a bomb
LogicGatesTest > Test activating a wire and exploding a bomb FAILED org.opentest4j.AssertionFailedError: expected: <0> but was: <1> at app//org.junit.jupiter.api.AssertionUtils.fail(AssertionUtils.java:55) at app//org.junit.jupiter.api.AssertionUtils.failNotEqual(AssertionUtils.java:62) at app//org.junit.jupiter.api.AssertEquals.assertEquals(AssertEquals.java:150) at app//org.junit.jupiter.api.AssertEquals.assertEquals(AssertEquals.java:145) at app//org.junit.jupiter.api.Assertions.assertEquals(Assertions.java:527) at app//dungeonmania.automarking.LogicGatesTest.ActivateWireAndExplodeBomb(LogicGatesTest.java:88) FAILURE DONE 1 test completed, 1 failed FAILURE: Build failed with an exception. blog.md build build.gradle checkstyle.xml client config_template.json extract_coverage.sh gradle gradlew gradlew.bat README.md src What went wrong: Execution failed for task ':test'. > There were failing tests. See the report at: file:///home/carl/tutoring/23T2/automarking/assignment-ii-automarking/groups/H09B_COLDPLAY/build/reports/tests/test/index.html blog.md build build.gradle checkstyle.xml client config_template.json extract_coverage.sh gradle gradlew gradlew.bat README.md src Try: Run with --stacktrace option to get the stack trace. Run with --info or --debug option to get more log output. Run with --scan to get full insights. blog.md build build.gradle checkstyle.xml client config_template.json extract_coverage.sh gradle gradlew gradlew.bat README.md src Get more help at https://help.gradle.org BUILD FAILED in 2s

Test 108-4: Test complex logic switches with AND light bulb
SUCCESS DONE

Test: Hidden Test
SUCCESS DONE

Test: Hidden Test
FAILED - Test output redacted

Test 108-7: Test complex logic switches with XOR light bulb
SUCCESS DONE

Test 108-8: Test complex logic switches with CO_AND light bulb
SUCCESS DONE

Test: Hidden Test
FAILED - Test output redacted

Test 108-10: Test opening a switch door
SUCCESS DONE

Test 108-11: Test complex logic switches with AND switch door
SUCCESS DONE

Test: Hidden Test
SUCCESS DONE

Test: Hidden Test
FAILED - Test output redacted

Test 108-14: Test complex logic switches with CO_AND switch door
LogicGatesTest > Test complex logic switches with CO_AND switch door FAILED org.opentest4j.AssertionFailedError: expected: <Position [x=4, y=2, z=0]> but was: <Position [x=2, y=2, z=0]> at app//org.junit.jupiter.api.AssertionUtils.fail(AssertionUtils.java:55) at app//org.junit.jupiter.api.AssertionUtils.failNotEqual(AssertionUtils.java:62) at app//org.junit.jupiter.api.AssertEquals.assertEquals(AssertEquals.java:182) at app//org.junit.jupiter.api.AssertEquals.assertEquals(AssertEquals.java:177) at app//org.junit.jupiter.api.Assertions.assertEquals(Assertions.java:1141) at app//dungeonmania.automarking.LogicGatesTest.SwitchDoorCoAndSuccess(LogicGatesTest.java:559) FAILURE DONE 1 test completed, 1 failed FAILURE: Build failed with an exception. blog.md build build.gradle checkstyle.xml client config_template.json extract_coverage.sh gradle gradlew gradlew.bat README.md src What went wrong: Execution failed for task ':test'. > There were failing tests. See the report at: file:///home/carl/tutoring/23T2/automarking/assignment-ii-automarking/groups/H09B_COLDPLAY/build/reports/tests/test/index.html blog.md build build.gradle checkstyle.xml client config_template.json extract_coverage.sh gradle gradlew gradlew.bat README.md src Try: Run with --stacktrace option to get the stack trace. Run with --info or --debug option to get more log output. Run with --scan to get full insights. blog.md build build.gradle checkstyle.xml client config_template.json extract_coverage.sh gradle gradlew gradlew.bat README.md src Get more help at https://help.gradle.org BUILD FAILED in 2s

Test: Hidden Test
SUCCESS DONE

Test: Hidden Test
SUCCESS DONE

Test: Hidden Test
FAILED - Test output redacted

Your score for this section is: 12.5

